0 info it worked if it ends with ok
1 verbose cli [ 'C:\\nodejs\\node.exe',
1 verbose cli   'C:\\Users\\fabio\\AppData\\Roaming\\npm\\node_modules\\npm\\bin\\npm-cli.js',
1 verbose cli   'install',
1 verbose cli   '-g' ]
2 info using npm@3.7.2
3 info using node@v5.6.0
4 silly loadCurrentTree Starting
5 silly install loadCurrentTree
6 silly install readGlobalPackageData
7 silly fetchPackageMetaData .
8 silly fetchOtherPackageData .
9 silly cache add args [ '.', null ]
10 verbose cache add spec .
11 silly cache add parsed spec Result {
11 silly cache add   raw: '.',
11 silly cache add   scope: null,
11 silly cache add   name: null,
11 silly cache add   rawSpec: '.',
11 silly cache add   spec: 'c:\\Users\\fabio\\Desktop\\spacee2222',
11 silly cache add   type: 'local' }
12 error addLocal Could not install c:\Users\fabio\Desktop\spacee2222
13 silly fetchPackageMetaData Error: EISDIR: illegal operation on a directory, read
13 silly fetchPackageMetaData     at Error (native)
13 silly fetchPackageMetaData  error for . { [Error: EISDIR: illegal operation on a directory, read] errno: -4068, code: 'EISDIR', syscall: 'read' }
14 silly rollbackFailedOptional Starting
15 silly rollbackFailedOptional Finishing
16 silly runTopLevelLifecycles Starting
17 silly runTopLevelLifecycles Finishing
18 silly install printInstalled
19 verbose stack Error: EISDIR: illegal operation on a directory, read
19 verbose stack     at Error (native)
20 verbose cwd c:\Users\fabio\Desktop\spacee2222
21 error Windows_NT 10.0.10240
22 error argv "C:\\nodejs\\node.exe" "C:\\Users\\fabio\\AppData\\Roaming\\npm\\node_modules\\npm\\bin\\npm-cli.js" "install" "-g"
23 error node v5.6.0
24 error npm  v3.7.2
25 error code EISDIR
26 error errno -4068
27 error syscall read
28 error eisdir EISDIR: illegal operation on a directory, read
29 error eisdir This is most likely not a problem with npm itself
29 error eisdir and is related to npm not being able to find a package.json in
29 error eisdir a package you are trying to install.
30 verbose exit [ -4068, true ]
